<?xml version="1.0" encoding="UTF-8"?>
<testsuite xmlns:xsi="http://www.w3.org/2001/XMLSchema-instance" xsi:noNamespaceSchemaLocation="https://maven.apache.org/surefire/maven-surefire-plugin/xsd/surefire-test-report.xsd" name="Runner.TestrunnerParallel" time="14.712" tests="3" errors="0" skipped="0" failures="0">
  <properties>
[...]
</properties>
  <testcase name="runScenario" classname="Runner.TestrunnerParallel" time="9.49"/>
  <testcase name="runScenario" classname="Runner.TestrunnerParallel" time="9.658"/>
  <testcase name="runScenario" classname="Runner.TestrunnerParallel" time="11.722"/>
</testsuite>