<?xml version="1.0" encoding="UTF-8"?>
<testng-results ignored="0" total="3" passed="3" failed="0" skipped="0">
  <reporter-output>
  </reporter-output>
  <suite started-at="2023-11-19T06:52:10Z" name="Surefire suite" finished-at="2023-11-19T06:52:36Z" duration-ms="26395">
    <groups>
      <group name="cucumber">
        <method signature="AbstractTestNGCucumberTests.runScenario(io.cucumber.testng.PickleWrapper, io.cucumber.testng.FeatureWrapper)[pri:0, instance:Runner.TestrunnerParallel@618b19ad]" name="runScenario" class="io.cucumber.testng.AbstractTestNGCucumberTests"/>
      </group> <!-- cucumber -->
    </groups>
    <test started-at="2023-11-19T06:52:10Z" name="Surefire test" finished-at="2023-11-19T06:52:36Z" duration-ms="26395">
      <class name="Runner.TestrunnerParallel">
        <test-method is-config="true" signature="setUpClass()[pri:0, instance:Runner.TestrunnerParallel@618b19ad]" started-at="2023-11-19T06:52:10Z" name="setUpClass" finished-at="2023-11-19T06:52:11Z" duration-ms="592" status="PASS">
          <reporter-output>
          </reporter-output>
        </test-method> <!-- setUpClass -->
        <test-method signature="runScenario(io.cucumber.testng.PickleWrapper, io.cucumber.testng.FeatureWrapper)[pri:0, instance:Runner.TestrunnerParallel@618b19ad]" started-at="2023-11-19T06:52:11Z" name="runScenario" description="Runs Cucumber Scenarios" data-provider="scenarios" finished-at="2023-11-19T06:52:20Z" duration-ms="9499" status="PASS">
          <params>
            <param index="0">
              <value>
                <![CDATA["login to naveenautomationlabs and add Samsung Galaxy Tab to cart"]]>
              </value>
            </param>
            <param index="1">
              <value>
                <![CDATA["Optional[This is a feature to login to naveenautomationlabs and select product to cart]"]]>
              </value>
            </param>
          </params>
          <reporter-output>
          </reporter-output>
        </test-method> <!-- runScenario -->
        <test-method signature="runScenario(io.cucumber.testng.PickleWrapper, io.cucumber.testng.FeatureWrapper)[pri:0, instance:Runner.TestrunnerParallel@618b19ad]" started-at="2023-11-19T06:52:11Z" name="runScenario" description="Runs Cucumber Scenarios" data-provider="scenarios" finished-at="2023-11-19T06:52:22Z" duration-ms="11550" status="PASS">
          <params>
            <param index="0">
              <value>
                <![CDATA["login to naveenautomationlabs and add iphone to cart"]]>
              </value>
            </param>
            <param index="1">
              <value>
                <![CDATA["Optional[This is a feature to login to naveenautomationlabs and select product to cart]"]]>
              </value>
            </param>
          </params>
          <reporter-output>
          </reporter-output>
        </test-method> <!-- runScenario -->
        <test-method signature="runScenario(io.cucumber.testng.PickleWrapper, io.cucumber.testng.FeatureWrapper)[pri:0, instance:Runner.TestrunnerParallel@618b19ad]" started-at="2023-11-19T06:52:20Z" name="runScenario" description="Runs Cucumber Scenarios" data-provider="scenarios" finished-at="2023-11-19T06:52:28Z" duration-ms="8006" status="PASS">
          <params>
            <param index="0">
              <value>
                <![CDATA["login to naveenautomationlabs and add Nikon camera to cart"]]>
              </value>
            </param>
            <param index="1">
              <value>
                <![CDATA["Optional[This is a feature to login to naveenautomationlabs and select product to cart]"]]>
              </value>
            </param>
          </params>
          <reporter-output>
          </reporter-output>
        </test-method> <!-- runScenario -->
        <test-method is-config="true" signature="tearDownClass()[pri:0, instance:Runner.TestrunnerParallel@618b19ad]" started-at="2023-11-19T06:52:28Z" name="tearDownClass" finished-at="2023-11-19T06:52:36Z" duration-ms="8280" status="PASS">
          <reporter-output>
          </reporter-output>
        </test-method> <!-- tearDownClass -->
      </class> <!-- Runner.TestrunnerParallel -->
    </test> <!-- Surefire test -->
  </suite> <!-- Surefire suite -->
</testng-results>
